{"C:\\Users\\Adam\\Documents\\GitHub\\houseinfo\\app\\components\\Button.tsx": {"path":"C:\\Users\\Adam\\Documents\\GitHub\\houseinfo\\app\\components\\Button.tsx","statementMap":{"0":{"start":{"line":8,"column":2},"end":{"line":11,"column":null}}},"fnMap":{"0":{"name":"Button","decl":{"start":{"line":7,"column":24},"end":{"line":7,"column":31}},"loc":{"start":{"line":7,"column":77},"end":{"line":13,"column":null}},"line":7}},"branchMap":{},"s":{"0":2},"f":{"0":2},"b":{},"meta":{"lastBranch":0,"lastFunction":1,"lastStatement":1,"seen":{"f:7:24:7:31":0,"s:8:2:11:Infinity":0}}}
}
